1551442106.040374 client started (20366): version 2.8, socket /private/tmp/tmux-626389019/default, protocol 8
1551442106.040553 on Darwin 18.0.0 Darwin Kernel Version 18.0.0: Wed Aug 22 20:13:40 PDT 2018; root:xnu-4903.201.2~1/RELEASE_X86_64; libevent 2.1.8-stable (select)
1551442106.040674 socket is /private/tmp/tmux-626389019/default
1551442106.040729 trying connect
1551442106.040936 add peer 0x7faca4839600: 6 (0x0)
1551442106.043069 sending message 100 to peer 0x7faca4839600 (4 bytes)
1551442106.043103 sending message 101 to peer 0x7faca4839600 (15 bytes)
1551442106.043122 sending message 102 to peer 0x7faca4839600 (13 bytes)
1551442106.043147 sending message 108 to peer 0x7faca4839600 (24 bytes)
1551442106.043171 sending message 104 to peer 0x7faca4839600 (0 bytes)
1551442106.043182 sending message 107 to peer 0x7faca4839600 (4 bytes)
1551442106.043193 sending message 105 to peer 0x7faca4839600 (28 bytes)
1551442106.043204 sending message 105 to peer 0x7faca4839600 (20 bytes)
1551442106.043215 sending message 105 to peer 0x7faca4839600 (16 bytes)
1551442106.043226 sending message 105 to peer 0x7faca4839600 (57 bytes)
1551442106.043237 sending message 105 to peer 0x7faca4839600 (76 bytes)
1551442106.043248 sending message 105 to peer 0x7faca4839600 (25 bytes)
1551442106.043259 sending message 105 to peer 0x7faca4839600 (53 bytes)
1551442106.043270 sending message 105 to peer 0x7faca4839600 (13 bytes)
1551442106.043281 sending message 105 to peer 0x7faca4839600 (66 bytes)
1551442106.043292 sending message 105 to peer 0x7faca4839600 (292 bytes)
1551442106.043308 sending message 105 to peer 0x7faca4839600 (28 bytes)
1551442106.043320 sending message 105 to peer 0x7faca4839600 (11 bytes)
1551442106.043331 sending message 105 to peer 0x7faca4839600 (17 bytes)
1551442106.043342 sending message 105 to peer 0x7faca4839600 (14 bytes)
1551442106.043352 sending message 105 to peer 0x7faca4839600 (27 bytes)
1551442106.043363 sending message 105 to peer 0x7faca4839600 (19 bytes)
1551442106.043374 sending message 105 to peer 0x7faca4839600 (20 bytes)
1551442106.043385 sending message 105 to peer 0x7faca4839600 (8 bytes)
1551442106.043396 sending message 105 to peer 0x7faca4839600 (16 bytes)
1551442106.043407 sending message 105 to peer 0x7faca4839600 (75 bytes)
1551442106.043417 sending message 105 to peer 0x7faca4839600 (77 bytes)
1551442106.043428 sending message 105 to peer 0x7faca4839600 (22 bytes)
1551442106.043439 sending message 105 to peer 0x7faca4839600 (38 bytes)
1551442106.043450 sending message 106 to peer 0x7faca4839600 (0 bytes)
1551442106.043465 sending message 200 to peer 0x7faca4839600 (4 bytes)
1551442106.043476 client loop enter
1551442106.046813 peer 0x7faca4839600 message 207
1551442106.046843 sending message 208 to peer 0x7faca4839600 (0 bytes)
1551442109.066798 peer 0x7faca4839600 message 201
1551442109.066836 sending message 205 to peer 0x7faca4839600 (0 bytes)
1551442109.067142 peer 0x7faca4839600 message 204
1551442109.067167 client loop exit
